#
# There is insufficient memory for the Java Runtime Environment to continue.
# Native memory allocation (malloc) failed to allocate 407280 bytes for Chunk::new
# Possible reasons:
#   The system is out of physical RAM or swap space
#   The process is running with CompressedOops enabled, and the Java Heap may be blocking the growth of the native heap
# Possible solutions:
#   Reduce memory load on the system
#   Increase physical memory or swap space
#   Check if swap backing store is full
#   Decrease Java heap size (-Xmx/-Xms)
#   Decrease number of Java threads
#   Decrease Java thread stack sizes (-Xss)
#   Set larger code cache with -XX:ReservedCodeCacheSize=
#   JVM is running with Unscaled Compressed Oops mode in which the Java heap is
#     placed in the first 4GB address space. The Java Heap base address is the
#     maximum limit for the native heap growth. Please use -XX:HeapBaseMinAddress
#     to set the Java Heap base and to place the Java Heap above 4GB virtual address.
# This output file may be truncated or incomplete.
#
#  Out of Memory Error (arena.cpp:184), pid=19812, tid=12012
#
# JRE version: Java(TM) SE Runtime Environment (19.0.2+7) (build 19.0.2+7-44)
# Java VM: Java HotSpot(TM) 64-Bit Server VM (19.0.2+7-44, mixed mode, sharing, tiered, compressed oops, compressed class ptrs, g1 gc, windows-amd64)
# No core dump will be written. Minidumps are not enabled by default on client versions of Windows
#

---------------  S U M M A R Y ------------

Command Line: -Dfile.encoding=UTF-8 --module-path=F:\05 Project\04 Experiment\toko\build\classes view.main.MainFrame

Host: AMD Ryzen 3 7320U with Radeon Graphics         , 8 cores, 7G,  Windows 11 , 64 bit Build 22621 (10.0.22621.5415)
Time: Sat Jun 20 01:36:01 2026 SE Asia Standard Time elapsed time: 2.148833 seconds (0d 0h 0m 2s)

---------------  T H R E A D  ---------------

Current thread (0x00000200a08c9900):  JavaThread "C2 CompilerThread0" daemon [_thread_in_native, id=12012, stack(0x000000ff84e00000,0x000000ff84f00000)]


Current CompileTask:
C2:   2148 2082   !   4       java.util.concurrent.ConcurrentHashMap::transfer (849 bytes)

Stack: [0x000000ff84e00000,0x000000ff84f00000]
Native frames: (J=compiled Java code, j=interpreted, Vv=VM code, C=native code)
V  [jvm.dll+0x6ee21a]
V  [jvm.dll+0x85765e]
V  [jvm.dll+0x85904e]
V  [jvm.dll+0x859703]
V  [jvm.dll+0x28298f]
V  [jvm.dll+0xc9adf]
V  [jvm.dll+0xc9e65]
V  [jvm.dll+0x3bca4c]
V  [jvm.dll+0x3860e1]
V  [jvm.dll+0x38555a]
V  [jvm.dll+0x24c3d9]
V  [jvm.dll+0x24b781]
V  [jvm.dll+0x1d6ce1]
V  [jvm.dll+0x25b25a]
V  [jvm.dll+0x2596e8]
V  [jvm.dll+0x807588]
V  [jvm.dll+0x80125a]
V  [jvm.dll+0x6ecf0b]
C  [ucrtbase.dll+0x29333]
C  [KERNEL32.DLL+0x1259d]
C  [ntdll.dll+0x5af78]


---------------  P R O C E S S  ---------------

Threads class SMR info:
_java_thread_list=0x00000200ab0d32d0, length=19, elements={
0x00000200a08b0dd0, 0x00000200a08b15d0, 0x00000200a08b6eb0, 0x00000200a08b8800,
0x00000200a08b8ee0, 0x00000200a08b99d0, 0x00000200a08c9900, 0x00000200a08ccea0,
0x00000200a08cf430, 0x00000200a08872a0, 0x00000200a4cee9e0, 0x00000200a4ebe010,
0x00000200a4f3d040, 0x00000200a4f41590, 0x00000200a64625f0, 0x00000200826ab2a0,
0x00000200ab15a2e0, 0x00000200ab1cad10, 0x00000200aadee020
}

Java Threads: ( => current thread )
  0x00000200a08b0dd0 JavaThread "Reference Handler" daemon [_thread_blocked, id=652, stack(0x000000ff84800000,0x000000ff84900000)]
  0x00000200a08b15d0 JavaThread "Finalizer" daemon [_thread_blocked, id=4436, stack(0x000000ff84900000,0x000000ff84a00000)]
  0x00000200a08b6eb0 JavaThread "Signal Dispatcher" daemon [_thread_blocked, id=10740, stack(0x000000ff84a00000,0x000000ff84b00000)]
  0x00000200a08b8800 JavaThread "Attach Listener" daemon [_thread_blocked, id=16820, stack(0x000000ff84b00000,0x000000ff84c00000)]
  0x00000200a08b8ee0 JavaThread "Service Thread" daemon [_thread_blocked, id=4832, stack(0x000000ff84c00000,0x000000ff84d00000)]
  0x00000200a08b99d0 JavaThread "Monitor Deflation Thread" daemon [_thread_blocked, id=13816, stack(0x000000ff84d00000,0x000000ff84e00000)]
=>0x00000200a08c9900 JavaThread "C2 CompilerThread0" daemon [_thread_in_native, id=12012, stack(0x000000ff84e00000,0x000000ff84f00000)]
  0x00000200a08ccea0 JavaThread "C1 CompilerThread0" daemon [_thread_blocked, id=13408, stack(0x000000ff84f00000,0x000000ff85000000)]
  0x00000200a08cf430 JavaThread "Sweeper thread" daemon [_thread_blocked, id=21476, stack(0x000000ff85000000,0x000000ff85100000)]
  0x00000200a08872a0 JavaThread "Common-Cleaner" daemon [_thread_blocked, id=12596, stack(0x000000ff85100000,0x000000ff85200000)]
  0x00000200a4cee9e0 JavaThread "Notification Thread" daemon [_thread_blocked, id=19236, stack(0x000000ff85200000,0x000000ff85300000)]
  0x00000200a4ebe010 JavaThread "Java2D Disposer" daemon [_thread_blocked, id=9592, stack(0x000000ff85500000,0x000000ff85600000)]
  0x00000200a4f3d040 JavaThread "AWT-Shutdown" [_thread_blocked, id=15080, stack(0x000000ff85600000,0x000000ff85700000)]
  0x00000200a4f41590 JavaThread "AWT-Windows" daemon [_thread_in_native, id=21336, stack(0x000000ff85700000,0x000000ff85800000)]
  0x00000200a64625f0 JavaThread "AWT-EventQueue-0" [_thread_in_native, id=20672, stack(0x000000ff85800000,0x000000ff85900000)]
  0x00000200826ab2a0 JavaThread "DestroyJavaVM" [_thread_blocked, id=6028, stack(0x000000ff84100000,0x000000ff84200000)]
  0x00000200ab15a2e0 JavaThread "Image Fetcher 0" daemon [_thread_blocked, id=1944, stack(0x000000ff85400000,0x000000ff85500000)]
  0x00000200ab1cad10 JavaThread "TimerQueue" daemon [_thread_blocked, id=19584, stack(0x000000ff86200000,0x000000ff86300000)]
  0x00000200aadee020 JavaThread "C2 CompilerThread1" daemon [_thread_blocked, id=6192, stack(0x000000ff86800000,0x000000ff86900000)]

Other Threads:
  0x00000200a08982a0 VMThread "VM Thread" [stack: 0x000000ff84700000,0x000000ff84800000] [id=1796]
  0x00000200a4ceef20 WatcherThread "VM Periodic Task Thread" [stack: 0x000000ff85300000,0x000000ff85400000] [id=728]
  0x0000020082708650 WorkerThread "GC Thread#0" [stack: 0x000000ff84200000,0x000000ff84300000] [id=17076]
  0x00000200ab128b60 WorkerThread "GC Thread#1" [stack: 0x000000ff85b00000,0x000000ff85c00000] [id=20056]
  0x00000200ab126f40 WorkerThread "GC Thread#2" [stack: 0x000000ff85c00000,0x000000ff85d00000] [id=20684]
  0x00000200ab127210 WorkerThread "GC Thread#3" [stack: 0x000000ff85d00000,0x000000ff85e00000] [id=11244]
  0x00000200ab1274e0 WorkerThread "GC Thread#4" [stack: 0x000000ff85e00000,0x000000ff85f00000] [id=12308]
  0x00000200ab1277b0 WorkerThread "GC Thread#5" [stack: 0x000000ff86000000,0x000000ff86100000] [id=12700]
  0x00000200ab128020 WorkerThread "GC Thread#6" [stack: 0x000000ff86100000,0x000000ff86200000] [id=948]
  0x00000200aacd03b0 WorkerThread "GC Thread#7" [stack: 0x000000ff86700000,0x000000ff86800000] [id=10656]
  0x0000020082719780 ConcurrentGCThread "G1 Main Marker" [stack: 0x000000ff84300000,0x000000ff84400000] [id=13008]
  0x000002008271a8d0 WorkerThread "G1 Conc#0" [stack: 0x000000ff84400000,0x000000ff84500000] [id=21144]
  0x000002008276e9b0 ConcurrentGCThread "G1 Refine#0" [stack: 0x000000ff84500000,0x000000ff84600000] [id=19000]
  0x00000200a07532b0 ConcurrentGCThread "G1 Service" [stack: 0x000000ff84600000,0x000000ff84700000] [id=2336]

Threads with active compile tasks:
C2 CompilerThread0     2183 2082   !   4       java.util.concurrent.ConcurrentHashMap::transfer (849 bytes)

VM state: not at safepoint (normal execution)

VM Mutex/Monitor currently owned by a thread: None

Heap address: 0x000000008b800000, size: 1864 MB, Compressed Oops mode: 32-bit

CDS archive(s) mapped at: [0x0000000800000000-0x0000000800c40000-0x0000000800c40000), size 12845056, SharedBaseAddress: 0x0000000800000000, ArchiveRelocationMode: 0.
Compressed class space mapped at: 0x0000000801000000-0x0000000841000000, reserved size: 1073741824
Narrow klass base: 0x0000000800000000, Narrow klass shift: 0, Narrow klass range: 0x100000000

GC Precious Log:
 CardTable entry size: 512
 Card Set container configuration: InlinePtr #cards 5 size 8 Array Of Cards #cards 12 size 40 Howl #buckets 4 coarsen threshold 1843 Howl Bitmap #cards 512 size 80 coarsen threshold 460 Card regions per heap region 1 cards per card region 2048
 CPUs: 8 total, 8 available
 Memory: 7455M
 Large Page Support: Disabled
 NUMA Support: Disabled
 Compressed Oops: Enabled (32-bit)
 Heap Region Size: 1M
 Heap Min Capacity: 8M
 Heap Initial Capacity: 118M
 Heap Max Capacity: 1864M
 Pre-touch: Disabled
 Parallel Workers: 8
 Concurrent Workers: 2
 Concurrent Refinement Workers: 8
 Periodic GC: Disabled

Heap:
 garbage-first heap   total 120832K, used 27968K [0x000000008b800000, 0x0000000100000000)
  region size 1024K, 7 young (7168K), 3 survivors (3072K)
 Metaspace       used 16413K, committed 16704K, reserved 1114112K
  class space    used 1913K, committed 2048K, reserved 1048576K

Heap Regions: E=young(eden), S=young(survivor), O=old, HS=humongous(starts), HC=humongous(continues), CS=collection set, F=free, OA=open archive, CA=closed archive, TAMS=top-at-mark-start (previous, next)
|   0|0x000000008b800000, 0x000000008b900000, 0x000000008b900000|100%|HS|  |TAMS 0x000000008b800000, 0x000000008b800000| Complete 
|   1|0x000000008b900000, 0x000000008ba00000, 0x000000008ba00000|100%|HC|  |TAMS 0x000000008b900000, 0x000000008b900000| Complete 
|   2|0x000000008ba00000, 0x000000008bb00000, 0x000000008bb00000|100%|HS|  |TAMS 0x000000008ba00000, 0x000000008ba00000| Complete 
|   3|0x000000008bb00000, 0x000000008bc00000, 0x000000008bc00000|100%|HC|  |TAMS 0x000000008bb00000, 0x000000008bb00000| Complete 
|   4|0x000000008bc00000, 0x000000008bd00000, 0x000000008bd00000|100%|HC|  |TAMS 0x000000008bc00000, 0x000000008bc00000| Complete 
|   5|0x000000008bd00000, 0x000000008be00000, 0x000000008be00000|100%|HC|  |TAMS 0x000000008bd00000, 0x000000008bd00000| Complete 
|   6|0x000000008be00000, 0x000000008bf00000, 0x000000008bf00000|100%|HC|  |TAMS 0x000000008be00000, 0x000000008be00000| Complete 
|   7|0x000000008bf00000, 0x000000008c000000, 0x000000008c000000|100%|HC|  |TAMS 0x000000008bf00000, 0x000000008bf00000| Complete 
|   8|0x000000008c000000, 0x000000008c100000, 0x000000008c100000|100%|HC|  |TAMS 0x000000008c000000, 0x000000008c000000| Complete 
|   9|0x000000008c100000, 0x000000008c200000, 0x000000008c200000|100%|HS|  |TAMS 0x000000008c100000, 0x000000008c100000| Complete 
|  10|0x000000008c200000, 0x000000008c300000, 0x000000008c300000|100%|HC|  |TAMS 0x000000008c200000, 0x000000008c200000| Complete 
|  11|0x000000008c300000, 0x000000008c400000, 0x000000008c400000|100%| O|  |TAMS 0x000000008c300000, 0x000000008c300000| Untracked 
|  12|0x000000008c400000, 0x000000008c500000, 0x000000008c500000|100%| O|  |TAMS 0x000000008c400000, 0x000000008c400000| Untracked 
|  13|0x000000008c500000, 0x000000008c550000, 0x000000008c600000| 31%| O|  |TAMS 0x000000008c500000, 0x000000008c500000| Untracked 
|  14|0x000000008c600000, 0x000000008c700000, 0x000000008c700000|100%|HS|  |TAMS 0x000000008c600000, 0x000000008c600000| Complete 
|  15|0x000000008c700000, 0x000000008c800000, 0x000000008c800000|100%|HC|  |TAMS 0x000000008c700000, 0x000000008c700000| Complete 
|  16|0x000000008c800000, 0x000000008c900000, 0x000000008c900000|100%|HC|  |TAMS 0x000000008c800000, 0x000000008c800000| Complete 
|  17|0x000000008c900000, 0x000000008ca00000, 0x000000008ca00000|100%|HC|  |TAMS 0x000000008c900000, 0x000000008c900000| Complete 
|  18|0x000000008ca00000, 0x000000008cb00000, 0x000000008cb00000|100%|HC|  |TAMS 0x000000008ca00000, 0x000000008ca00000| Complete 
|  19|0x000000008cb00000, 0x000000008cc00000, 0x000000008cc00000|100%|HC|  |TAMS 0x000000008cb00000, 0x000000008cb00000| Complete 
|  20|0x000000008cc00000, 0x000000008cd00000, 0x000000008cd00000|100%|HC|  |TAMS 0x000000008cc00000, 0x000000008cc00000| Complete 
|  21|0x000000008cd00000, 0x000000008ce00000, 0x000000008ce00000|100%|HC|  |TAMS 0x000000008cd00000, 0x000000008cd00000| Complete 
|  22|0x000000008ce00000, 0x000000008ce00000, 0x000000008cf00000|  0%| F|  |TAMS 0x000000008ce00000, 0x000000008ce00000| Untracked 
|  23|0x000000008cf00000, 0x000000008cf00000, 0x000000008d000000|  0%| F|  |TAMS 0x000000008cf00000, 0x000000008cf00000| Untracked 
|  24|0x000000008d000000, 0x000000008d000000, 0x000000008d100000|  0%| F|  |TAMS 0x000000008d000000, 0x000000008d000000| Untracked 
|  25|0x000000008d100000, 0x000000008d100000, 0x000000008d200000|  0%| F|  |TAMS 0x000000008d100000, 0x000000008d100000| Untracked 
|  26|0x000000008d200000, 0x000000008d200000, 0x000000008d300000|  0%| F|  |TAMS 0x000000008d200000, 0x000000008d200000| Untracked 
|  27|0x000000008d300000, 0x000000008d300000, 0x000000008d400000|  0%| F|  |TAMS 0x000000008d300000, 0x000000008d300000| Untracked 
|  28|0x000000008d400000, 0x000000008d400000, 0x000000008d500000|  0%| F|  |TAMS 0x000000008d400000, 0x000000008d400000| Untracked 
|  29|0x000000008d500000, 0x000000008d500000, 0x000000008d600000|  0%| F|  |TAMS 0x000000008d500000, 0x000000008d500000| Untracked 
|  30|0x000000008d600000, 0x000000008d600000, 0x000000008d700000|  0%| F|  |TAMS 0x000000008d600000, 0x000000008d600000| Untracked 
|  31|0x000000008d700000, 0x000000008d700000, 0x000000008d800000|  0%| F|  |TAMS 0x000000008d700000, 0x000000008d700000| Untracked 
|  32|0x000000008d800000, 0x000000008d800000, 0x000000008d900000|  0%| F|  |TAMS 0x000000008d800000, 0x000000008d800000| Untracked 
|  33|0x000000008d900000, 0x000000008d900000, 0x000000008da00000|  0%| F|  |TAMS 0x000000008d900000, 0x000000008d900000| Untracked 
|  34|0x000000008da00000, 0x000000008da00000, 0x000000008db00000|  0%| F|  |TAMS 0x000000008da00000, 0x000000008da00000| Untracked 
|  35|0x000000008db00000, 0x000000008db00000, 0x000000008dc00000|  0%| F|  |TAMS 0x000000008db00000, 0x000000008db00000| Untracked 
|  36|0x000000008dc00000, 0x000000008dc00000, 0x000000008dd00000|  0%| F|  |TAMS 0x000000008dc00000, 0x000000008dc00000| Untracked 
|  37|0x000000008dd00000, 0x000000008dd00000, 0x000000008de00000|  0%| F|  |TAMS 0x000000008dd00000, 0x000000008dd00000| Untracked 
|  38|0x000000008de00000, 0x000000008de00000, 0x000000008df00000|  0%| F|  |TAMS 0x000000008de00000, 0x000000008de00000| Untracked 
|  39|0x000000008df00000, 0x000000008df00000, 0x000000008e000000|  0%| F|  |TAMS 0x000000008df00000, 0x000000008df00000| Untracked 
|  40|0x000000008e000000, 0x000000008e000000, 0x000000008e100000|  0%| F|  |TAMS 0x000000008e000000, 0x000000008e000000| Untracked 
|  41|0x000000008e100000, 0x000000008e100000, 0x000000008e200000|  0%| F|  |TAMS 0x000000008e100000, 0x000000008e100000| Untracked 
|  42|0x000000008e200000, 0x000000008e200000, 0x000000008e300000|  0%| F|  |TAMS 0x000000008e200000, 0x000000008e200000| Untracked 
|  43|0x000000008e300000, 0x000000008e300000, 0x000000008e400000|  0%| F|  |TAMS 0x000000008e300000, 0x000000008e300000| Untracked 
|  44|0x000000008e400000, 0x000000008e400000, 0x000000008e500000|  0%| F|  |TAMS 0x000000008e400000, 0x000000008e400000| Untracked 
|  45|0x000000008e500000, 0x000000008e500000, 0x000000008e600000|  0%| F|  |TAMS 0x000000008e500000, 0x000000008e500000| Untracked 
|  46|0x000000008e600000, 0x000000008e600000, 0x000000008e700000|  0%| F|  |TAMS 0x000000008e600000, 0x000000008e600000| Untracked 
|  47|0x000000008e700000, 0x000000008e700000, 0x000000008e800000|  0%| F|  |TAMS 0x000000008e700000, 0x000000008e700000| Untracked 
|  48|0x000000008e800000, 0x000000008e800000, 0x000000008e900000|  0%| F|  |TAMS 0x000000008e800000, 0x000000008e800000| Untracked 
|  49|0x000000008e900000, 0x000000008e900000, 0x000000008ea00000|  0%| F|  |TAMS 0x000000008e900000, 0x000000008e900000| Untracked 
|  50|0x000000008ea00000, 0x000000008ea00000, 0x000000008eb00000|  0%| F|  |TAMS 0x000000008ea00000, 0x000000008ea00000| Untracked 
|  51|0x000000008eb00000, 0x000000008eb00000, 0x000000008ec00000|  0%| F|  |TAMS 0x000000008eb00000, 0x000000008eb00000| Untracked 
|  52|0x000000008ec00000, 0x000000008ec00000, 0x000000008ed00000|  0%| F|  |TAMS 0x000000008ec00000, 0x000000008ec00000| Untracked 
|  53|0x000000008ed00000, 0x000000008ed00000, 0x000000008ee00000|  0%| F|  |TAMS 0x000000008ed00000, 0x000000008ed00000| Untracked 
|  54|0x000000008ee00000, 0x000000008ee00000, 0x000000008ef00000|  0%| F|  |TAMS 0x000000008ee00000, 0x000000008ee00000| Untracked 
|  55|0x000000008ef00000, 0x000000008ef00000, 0x000000008f000000|  0%| F|  |TAMS 0x000000008ef00000, 0x000000008ef00000| Untracked 
|  56|0x000000008f000000, 0x000000008f000000, 0x000000008f100000|  0%| F|  |TAMS 0x000000008f000000, 0x000000008f000000| Untracked 
|  57|0x000000008f100000, 0x000000008f100000, 0x000000008f200000|  0%| F|  |TAMS 0x000000008f100000, 0x000000008f100000| Untracked 
|  58|0x000000008f200000, 0x000000008f200000, 0x000000008f300000|  0%| F|  |TAMS 0x000000008f200000, 0x000000008f200000| Untracked 
|  59|0x000000008f300000, 0x000000008f300000, 0x000000008f400000|  0%| F|  |TAMS 0x000000008f300000, 0x000000008f300000| Untracked 
|  60|0x000000008f400000, 0x000000008f400000, 0x000000008f500000|  0%| F|  |TAMS 0x000000008f400000, 0x000000008f400000| Untracked 
|  61|0x000000008f500000, 0x000000008f500000, 0x000000008f600000|  0%| F|  |TAMS 0x000000008f500000, 0x000000008f500000| Untracked 
|  62|0x000000008f600000, 0x000000008f600000, 0x000000008f700000|  0%| F|  |TAMS 0x000000008f600000, 0x000000008f600000| Untracked 
|  63|0x000000008f700000, 0x000000008f700000, 0x000000008f800000|  0%| F|  |TAMS 0x000000008f700000, 0x000000008f700000| Untracked 
|  64|0x000000008f800000, 0x000000008f800000, 0x000000008f900000|  0%| F|  |TAMS 0x000000008f800000, 0x000000008f800000| Untracked 
|  65|0x000000008f900000, 0x000000008f900000, 0x000000008fa00000|  0%| F|  |TAMS 0x000000008f900000, 0x000000008f900000| Untracked 
|  66|0x000000008fa00000, 0x000000008fa00000, 0x000000008fb00000|  0%| F|  |TAMS 0x000000008fa00000, 0x000000008fa00000| Untracked 
|  67|0x000000008fb00000, 0x000000008fb00000, 0x000000008fc00000|  0%| F|  |TAMS 0x000000008fb00000, 0x000000008fb00000| Untracked 
|  68|0x000000008fc00000, 0x000000008fc00000, 0x000000008fd00000|  0%| F|  |TAMS 0x000000008fc00000, 0x000000008fc00000| Untracked 
|  69|0x000000008fd00000, 0x000000008fd00000, 0x000000008fe00000|  0%| F|  |TAMS 0x000000008fd00000, 0x000000008fd00000| Untracked 
|  70|0x000000008fe00000, 0x000000008fe00000, 0x000000008ff00000|  0%| F|  |TAMS 0x000000008fe00000, 0x000000008fe00000| Untracked 
|  71|0x000000008ff00000, 0x000000008ff00000, 0x0000000090000000|  0%| F|  |TAMS 0x000000008ff00000, 0x000000008ff00000| Untracked 
|  72|0x0000000090000000, 0x0000000090000000, 0x0000000090100000|  0%| F|  |TAMS 0x0000000090000000, 0x0000000090000000| Untracked 
|  73|0x0000000090100000, 0x0000000090100000, 0x0000000090200000|  0%| F|  |TAMS 0x0000000090100000, 0x0000000090100000| Untracked 
|  74|0x0000000090200000, 0x0000000090200000, 0x0000000090300000|  0%| F|  |TAMS 0x0000000090200000, 0x0000000090200000| Untracked 
|  75|0x0000000090300000, 0x0000000090300000, 0x0000000090400000|  0%| F|  |TAMS 0x0000000090300000, 0x0000000090300000| Untracked 
|  76|0x0000000090400000, 0x0000000090400000, 0x0000000090500000|  0%| F|  |TAMS 0x0000000090400000, 0x0000000090400000| Untracked 
|  77|0x0000000090500000, 0x0000000090500000, 0x0000000090600000|  0%| F|  |TAMS 0x0000000090500000, 0x0000000090500000| Untracked 
|  78|0x0000000090600000, 0x0000000090600000, 0x0000000090700000|  0%| F|  |TAMS 0x0000000090600000, 0x0000000090600000| Untracked 
|  79|0x0000000090700000, 0x0000000090700000, 0x0000000090800000|  0%| F|  |TAMS 0x0000000090700000, 0x0000000090700000| Untracked 
|  80|0x0000000090800000, 0x0000000090800000, 0x0000000090900000|  0%| F|  |TAMS 0x0000000090800000, 0x0000000090800000| Untracked 
|  81|0x0000000090900000, 0x0000000090900000, 0x0000000090a00000|  0%| F|  |TAMS 0x0000000090900000, 0x0000000090900000| Untracked 
|  82|0x0000000090a00000, 0x0000000090a00000, 0x0000000090b00000|  0%| F|  |TAMS 0x0000000090a00000, 0x0000000090a00000| Untracked 
|  83|0x0000000090b00000, 0x0000000090b00000, 0x0000000090c00000|  0%| F|  |TAMS 0x0000000090b00000, 0x0000000090b00000| Untracked 
|  84|0x0000000090c00000, 0x0000000090c00000, 0x0000000090d00000|  0%| F|  |TAMS 0x0000000090c00000, 0x0000000090c00000| Untracked 
|  85|0x0000000090d00000, 0x0000000090d00000, 0x0000000090e00000|  0%| F|  |TAMS 0x0000000090d00000, 0x0000000090d00000| Untracked 
|  86|0x0000000090e00000, 0x0000000090e00000, 0x0000000090f00000|  0%| F|  |TAMS 0x0000000090e00000, 0x0000000090e00000| Untracked 
|  87|0x0000000090f00000, 0x0000000090f00000, 0x0000000091000000|  0%| F|  |TAMS 0x0000000090f00000, 0x0000000090f00000| Untracked 
|  88|0x0000000091000000, 0x0000000091000000, 0x0000000091100000|  0%| F|  |TAMS 0x0000000091000000, 0x0000000091000000| Untracked 
|  89|0x0000000091100000, 0x0000000091100000, 0x0000000091200000|  0%| F|  |TAMS 0x0000000091100000, 0x0000000091100000| Untracked 
|  90|0x0000000091200000, 0x0000000091200000, 0x0000000091300000|  0%| F|  |TAMS 0x0000000091200000, 0x0000000091200000| Untracked 
|  91|0x0000000091300000, 0x0000000091300000, 0x0000000091400000|  0%| F|  |TAMS 0x0000000091300000, 0x0000000091300000| Untracked 
|  92|0x0000000091400000, 0x0000000091500000, 0x0000000091500000|100%| S|CS|TAMS 0x0000000091400000, 0x0000000091400000| Complete 
|  93|0x0000000091500000, 0x0000000091600000, 0x0000000091600000|100%| S|CS|TAMS 0x0000000091500000, 0x0000000091500000| Complete 
|  94|0x0000000091600000, 0x0000000091700000, 0x0000000091700000|100%| S|CS|TAMS 0x0000000091600000, 0x0000000091600000| Complete 
|  95|0x0000000091700000, 0x0000000091700000, 0x0000000091800000|  0%| F|  |TAMS 0x0000000091700000, 0x0000000091700000| Untracked 
|  96|0x0000000091800000, 0x0000000091800000, 0x0000000091900000|  0%| F|  |TAMS 0x0000000091800000, 0x0000000091800000| Untracked 
|  97|0x0000000091900000, 0x0000000091900000, 0x0000000091a00000|  0%| F|  |TAMS 0x0000000091900000, 0x0000000091900000| Untracked 
|  98|0x0000000091a00000, 0x0000000091a00000, 0x0000000091b00000|  0%| F|  |TAMS 0x0000000091a00000, 0x0000000091a00000| Untracked 
|  99|0x0000000091b00000, 0x0000000091b00000, 0x0000000091c00000|  0%| F|  |TAMS 0x0000000091b00000, 0x0000000091b00000| Untracked 
| 100|0x0000000091c00000, 0x0000000091c00000, 0x0000000091d00000|  0%| F|  |TAMS 0x0000000091c00000, 0x0000000091c00000| Untracked 
| 101|0x0000000091d00000, 0x0000000091d00000, 0x0000000091e00000|  0%| F|  |TAMS 0x0000000091d00000, 0x0000000091d00000| Untracked 
| 102|0x0000000091e00000, 0x0000000091e00000, 0x0000000091f00000|  0%| F|  |TAMS 0x0000000091e00000, 0x0000000091e00000| Untracked 
| 103|0x0000000091f00000, 0x0000000091f00000, 0x0000000092000000|  0%| F|  |TAMS 0x0000000091f00000, 0x0000000091f00000| Untracked 
| 104|0x0000000092000000, 0x0000000092000000, 0x0000000092100000|  0%| F|  |TAMS 0x0000000092000000, 0x0000000092000000| Untracked 
| 105|0x0000000092100000, 0x0000000092100000, 0x0000000092200000|  0%| F|  |TAMS 0x0000000092100000, 0x0000000092100000| Untracked 
| 106|0x0000000092200000, 0x0000000092200000, 0x0000000092300000|  0%| F|  |TAMS 0x0000000092200000, 0x0000000092200000| Untracked 
| 107|0x0000000092300000, 0x0000000092300000, 0x0000000092400000|  0%| F|  |TAMS 0x0000000092300000, 0x0000000092300000| Untracked 
| 108|0x0000000092400000, 0x0000000092400000, 0x0000000092500000|  0%| F|  |TAMS 0x0000000092400000, 0x0000000092400000| Untracked 
| 109|0x0000000092500000, 0x0000000092500000, 0x0000000092600000|  0%| F|  |TAMS 0x0000000092500000, 0x0000000092500000| Untracked 
| 110|0x0000000092600000, 0x0000000092600000, 0x0000000092700000|  0%| F|  |TAMS 0x0000000092600000, 0x0000000092600000| Untracked 
| 111|0x0000000092700000, 0x0000000092700000, 0x0000000092800000|  0%| F|  |TAMS 0x0000000092700000, 0x0000000092700000| Untracked 
| 112|0x0000000092800000, 0x0000000092800000, 0x0000000092900000|  0%| F|  |TAMS 0x0000000092800000, 0x0000000092800000| Untracked 
| 113|0x0000000092900000, 0x0000000092900000, 0x0000000092a00000|  0%| F|  |TAMS 0x0000000092900000, 0x0000000092900000| Untracked 
| 114|0x0000000092a00000, 0x0000000092a91da8, 0x0000000092b00000| 56%| E|  |TAMS 0x0000000092a00000, 0x0000000092a00000| Complete 
| 115|0x0000000092b00000, 0x0000000092c00000, 0x0000000092c00000|100%| E|CS|TAMS 0x0000000092b00000, 0x0000000092b00000| Complete 
| 116|0x0000000092c00000, 0x0000000092d00000, 0x0000000092d00000|100%| E|CS|TAMS 0x0000000092c00000, 0x0000000092c00000| Complete 
| 117|0x0000000092d00000, 0x0000000092e00000, 0x0000000092e00000|100%| E|CS|TAMS 0x0000000092d00000, 0x0000000092d00000| Complete 

Card table byte_map: [0x0000020099cf0000,0x000002009a0a0000] _byte_map_base: 0x0000020099894000

Marking Bits (Prev, Next): (CMBitMap*) 0x0000020082709ba0, (CMBitMap*) 0x0000020082709be0
 Prev Bits: [0x000002009a450000, 0x000002009c170000)
 Next Bits: [0x000002009c170000, 0x000002009de90000)

Polling page: 0x00000200805e0000

Metaspace:

Usage:
  Non-class:     14.22 MB used.
      Class:      1.87 MB used.
       Both:     16.09 MB used.

Virtual space:
  Non-class space:       64.00 MB reserved,      14.31 MB ( 22%) committed,  1 nodes.
      Class space:        1.00 GB reserved,       2.00 MB ( <1%) committed,  1 nodes.
             Both:        1.06 GB reserved,      16.31 MB (  1%) committed. 

Chunk freelists:
   Non-Class:  1.62 MB
       Class:  2.05 MB
        Both:  3.67 MB

MaxMetaspaceSize: unlimited
CompressedClassSpaceSize: 1.00 GB
Initial GC threshold: 21.00 MB
Current GC threshold: 21.00 MB
CDS: on
MetaspaceReclaimPolicy: balanced
 - commit_granule_bytes: 65536.
 - commit_granule_words: 8192.
 - virtual_space_node_default_size: 8388608.
 - enlarge_chunks_in_place: 1.
 - new_chunks_are_fully_committed: 0.
 - uncommit_free_chunks: 1.
 - use_allocation_guard: 0.


Internal statistics:

num_allocs_failed_limit: 0.
num_arena_births: 256.
num_arena_deaths: 0.
num_vsnodes_births: 2.
num_vsnodes_deaths: 0.
num_space_committed: 262.
num_space_uncommitted: 0.
num_chunks_returned_to_freelist: 0.
num_chunks_taken_from_freelist: 435.
num_chunk_merges: 0.
num_chunk_splits: 277.
num_chunks_enlarged: 198.
num_inconsistent_stats: 0.

CodeHeap 'non-profiled nmethods': size=120000Kb used=646Kb max_used=646Kb free=119353Kb
 bounds [0x00000200920e0000, 0x0000020092350000, 0x0000020099610000]
CodeHeap 'profiled nmethods': size=120000Kb used=4148Kb max_used=4148Kb free=115851Kb
 bounds [0x000002008a610000, 0x000002008aa20000, 0x0000020091b40000]
CodeHeap 'non-nmethods': size=5760Kb used=1485Kb max_used=1495Kb free=4275Kb
 bounds [0x0000020091b40000, 0x0000020091db0000, 0x00000200920e0000]
 total_blobs=2918 nmethods=2155 adapters=673
 compilation: enabled
              stopped_count=0, restarted_count=0
 full_count=0

Compilation events (20 events):
Event: 2.116 Thread 0x00000200a08ccea0 2079       3       java.util.jar.JavaUtilJarAccessImpl::getTrustedAttributes (6 bytes)
Event: 2.116 Thread 0x00000200a08ccea0 nmethod 2079 0x000002008a9f6590 code [0x000002008a9f6740, 0x000002008a9f68a8]
Event: 2.131 Thread 0x00000200a08c9900 2082   !   4       java.util.concurrent.ConcurrentHashMap::transfer (849 bytes)
Event: 2.132 Thread 0x00000200aadee020 2083       4       java.lang.StringBuilder::toString (9 bytes)
Event: 2.134 Thread 0x00000200a08ccea0 2084   !   3       jdk.internal.loader.Resource::getBytes (244 bytes)
Event: 2.136 Thread 0x00000200a08ccea0 nmethod 2084 0x000002008a9f6990 code [0x000002008a9f6ca0, 0x000002008a9f8408]
Event: 2.138 Thread 0x00000200aadee020 nmethod 2083 0x000002009217cc90 code [0x000002009217ce40, 0x000002009217d4b8]
Event: 2.139 Thread 0x00000200a08ccea0 2085       3       java.util.ImmutableCollections$Set12::<init> (53 bytes)
Event: 2.140 Thread 0x00000200a08ccea0 nmethod 2085 0x000002008a9f8d10 code [0x000002008a9f8fc0, 0x000002008a9f9c18]
Event: 2.140 Thread 0x00000200a08ccea0 2086       3       java.lang.invoke.MethodHandles$Lookup::resolveOrFail (48 bytes)
Event: 2.141 Thread 0x00000200a08ccea0 nmethod 2086 0x000002008a9fa090 code [0x000002008a9fa2c0, 0x000002008a9fa968]
Event: 2.141 Thread 0x00000200a08ccea0 2087       3       java.lang.invoke.MethodHandles$Lookup::checkMethodName (45 bytes)
Event: 2.141 Thread 0x00000200a08ccea0 nmethod 2087 0x000002008a9fac10 code [0x000002008a9fae40, 0x000002008a9fb4d8]
Event: 2.141 Thread 0x00000200a08ccea0 2089       3       java.util.Arrays::fill (28 bytes)
Event: 2.141 Thread 0x00000200aadee020 2090       4       jdk.internal.misc.Unsafe::getByte (7 bytes)
Event: 2.141 Thread 0x00000200a08ccea0 nmethod 2089 0x000002008a9fb810 code [0x000002008a9fb9c0, 0x000002008a9fbbe8]
Event: 2.141 Thread 0x00000200a08ccea0 2088       3       sun.java2d.marlin.FloatMath::ceil_int (29 bytes)
Event: 2.141 Thread 0x00000200a08ccea0 nmethod 2088 0x000002008a9fbd10 code [0x000002008a9fbec0, 0x000002008a9fc198]
Event: 2.141 Thread 0x00000200aadee020 nmethod 2090 0x000002009217d710 code [0x000002009217d880, 0x000002009217d8f8]
Event: 2.142 Thread 0x00000200a08ccea0 2091       3       sun.java2d.marlin.Renderer::_endRendering (2480 bytes)

GC Heap History (2 events):
Event: 2.018 GC heap before
{Heap before GC invocations=0 (full 0):
 garbage-first heap   total 120832K, used 34816K [0x000000008b800000, 0x0000000100000000)
  region size 1024K, 23 young (23552K), 0 survivors (0K)
 Metaspace       used 15635K, committed 15936K, reserved 1114112K
  class space    used 1806K, committed 1920K, reserved 1048576K
}
Event: 2.025 GC heap after
{Heap after GC invocations=1 (full 0):
 garbage-first heap   total 120832K, used 16704K [0x000000008b800000, 0x0000000100000000)
  region size 1024K, 3 young (3072K), 3 survivors (3072K)
 Metaspace       used 15635K, committed 15936K, reserved 1114112K
  class space    used 1806K, committed 1920K, reserved 1048576K
}

Dll operation events (10 events):
Event: 0.009 Loaded shared library C:\Program Files\Java\jdk-19\bin\java.dll
Event: 0.021 Loaded shared library C:\Program Files\Java\jdk-19\bin\jsvml.dll
Event: 0.066 Loaded shared library C:\Program Files\Java\jdk-19\bin\net.dll
Event: 0.068 Loaded shared library C:\Program Files\Java\jdk-19\bin\nio.dll
Event: 0.088 Loaded shared library C:\Program Files\Java\jdk-19\bin\zip.dll
Event: 0.105 Loaded shared library C:\Program Files\Java\jdk-19\bin\jimage.dll
Event: 0.129 Loaded shared library C:\Program Files\Java\jdk-19\bin\awt.dll
Event: 0.303 Loaded shared library C:\Program Files\Java\jdk-19\bin\freetype.dll
Event: 0.304 Loaded shared library C:\Program Files\Java\jdk-19\bin\fontmanager.dll
Event: 0.544 Loaded shared library C:\Users\ASUS\AppData\Local\Temp\flatlaf.temp\flatlaf-windows-x86_64-520105749641000.dll

Deoptimization events (20 events):
Event: 1.087 Thread 0x00000200a64625f0 Uncommon trap: trap_request=0xffffffc6 fr.pc=0x0000020092121a0c relative=0x00000000000002cc
Event: 1.087 Thread 0x00000200a64625f0 Uncommon trap: reason=bimorphic_or_optimized_type_check action=maybe_recompile pc=0x0000020092121a0c method=java.util.concurrent.ConcurrentHashMap.get(Ljava/lang/Object;)Ljava/lang/Object; @ 149 c2
Event: 1.087 Thread 0x00000200a64625f0 DEOPT PACKING pc=0x0000020092121a0c sp=0x000000ff858fe010
Event: 1.087 Thread 0x00000200a64625f0 DEOPT UNPACKING pc=0x0000020091ba6da3 sp=0x000000ff858fdf80 mode 2
Event: 1.089 Thread 0x00000200a64625f0 Uncommon trap: trap_request=0xffffffc6 fr.pc=0x0000020092121a0c relative=0x00000000000002cc
Event: 1.089 Thread 0x00000200a64625f0 Uncommon trap: reason=bimorphic_or_optimized_type_check action=maybe_recompile pc=0x0000020092121a0c method=java.util.concurrent.ConcurrentHashMap.get(Ljava/lang/Object;)Ljava/lang/Object; @ 149 c2
Event: 1.089 Thread 0x00000200a64625f0 DEOPT PACKING pc=0x0000020092121a0c sp=0x000000ff858fe080
Event: 1.089 Thread 0x00000200a64625f0 DEOPT UNPACKING pc=0x0000020091ba6da3 sp=0x000000ff858fdff0 mode 2
Event: 1.321 Thread 0x00000200a64625f0 Uncommon trap: trap_request=0xffffff45 fr.pc=0x000002009215d018 relative=0x0000000000000158
Event: 1.321 Thread 0x00000200a64625f0 Uncommon trap: reason=unstable_if action=reinterpret pc=0x000002009215d018 method=java.lang.invoke.VarHandle.checkAccessModeThenIsDirect(Ljava/lang/invoke/VarHandle$AccessDescriptor;)Z @ 4 c2
Event: 1.321 Thread 0x00000200a64625f0 DEOPT PACKING pc=0x000002009215d018 sp=0x000000ff858fe7b0
Event: 1.321 Thread 0x00000200a64625f0 DEOPT UNPACKING pc=0x0000020091ba6da3 sp=0x000000ff858fe6e8 mode 2
Event: 1.863 Thread 0x00000200a64625f0 Uncommon trap: trap_request=0xffffff45 fr.pc=0x000002009216b270 relative=0x00000000000001d0
Event: 1.863 Thread 0x00000200a64625f0 Uncommon trap: reason=unstable_if action=reinterpret pc=0x000002009216b270 method=javax.swing.JComponent.getClientProperty(Ljava/lang/Object;)Ljava/lang/Object; @ 16 c2
Event: 1.863 Thread 0x00000200a64625f0 DEOPT PACKING pc=0x000002009216b270 sp=0x000000ff858fcac0
Event: 1.863 Thread 0x00000200a64625f0 DEOPT UNPACKING pc=0x0000020091ba6da3 sp=0x000000ff858fca88 mode 2
Event: 2.026 Thread 0x00000200a64625f0 Uncommon trap: trap_request=0xffffff45 fr.pc=0x0000020092150b68 relative=0x00000000000000c8
Event: 2.026 Thread 0x00000200a64625f0 Uncommon trap: reason=unstable_if action=reinterpret pc=0x0000020092150b68 method=java.lang.ref.SoftReference.get()Ljava/lang/Object; @ 17 c2
Event: 2.026 Thread 0x00000200a64625f0 DEOPT PACKING pc=0x0000020092150b68 sp=0x000000ff858fc590
Event: 2.026 Thread 0x00000200a64625f0 DEOPT UNPACKING pc=0x0000020091ba6da3 sp=0x000000ff858fc540 mode 2

Classes loaded (20 events):
Event: 2.027 Loading class javax/xml/stream/events/EndElement done
Event: 2.027 Loading class com/sun/xml/internal/stream/events/EndElementEvent done
Event: 2.030 Loading class com/sun/org/apache/xerces/internal/impl/io/MalformedByteSequenceException
Event: 2.030 Loading class java/io/CharConversionException
Event: 2.030 Loading class java/io/CharConversionException done
Event: 2.030 Loading class com/sun/org/apache/xerces/internal/impl/io/MalformedByteSequenceException done
Event: 2.030 Loading class com/sun/xml/internal/stream/events/EndDocumentEvent
Event: 2.030 Loading class javax/xml/stream/events/EndDocument
Event: 2.030 Loading class javax/xml/stream/events/EndDocument done
Event: 2.030 Loading class com/sun/xml/internal/stream/events/EndDocumentEvent done
Event: 2.059 Loading class java/util/function/UnaryOperator
Event: 2.059 Loading class java/util/function/UnaryOperator done
Event: 2.133 Loading class sun/awt/geom/Curve
Event: 2.133 Loading class sun/awt/geom/Curve done
Event: 2.136 Loading class java/awt/geom/NoninvertibleTransformException
Event: 2.136 Loading class java/awt/geom/NoninvertibleTransformException done
Event: 2.138 Loading class java/util/RegularEnumSet$EnumSetIterator
Event: 2.138 Loading class java/util/RegularEnumSet$EnumSetIterator done
Event: 2.144 Loading class java/awt/geom/QuadCurve2D
Event: 2.145 Loading class java/awt/geom/QuadCurve2D done

Classes unloaded (0 events):
No events

Classes redefined (0 events):
No events

Internal exceptions (20 events):
Event: 0.234 Thread 0x00000200826ab2a0 Exception <a 'java/lang/NoSuchMethodError'{0x0000000092834138}: 'java.lang.Object java.lang.invoke.DirectMethodHandle$Holder.invokeStatic(java.lang.Object, int, java.lang.Object)'> (0x0000000092834138) 
thrown [s\open\src\hotspot\share\interpreter\linkResolver.cpp, line 774]
Event: 0.246 Thread 0x00000200826ab2a0 Exception <a 'java/lang/ClassNotFoundException'{0x0000000092879468}: com/sun/swing/internal/plaf/basic/resources/spi/basicProvider> (0x0000000092879468) 
thrown [s\open\src\hotspot\share\classfile\systemDictionary.cpp, line 255]
Event: 0.250 Thread 0x00000200826ab2a0 Exception <a 'java/lang/NoSuchMethodError'{0x00000000928989b0}: 'int java.lang.invoke.DirectMethodHandle$Holder.invokeStatic(java.lang.Object)'> (0x00000000928989b0) 
thrown [s\open\src\hotspot\share\interpreter\linkResolver.cpp, line 774]
Event: 0.280 Thread 0x00000200826ab2a0 Exception <a 'java/lang/NoSuchMethodError'{0x000000009276c088}: 'java.lang.Object java.lang.invoke.DirectMethodHandle$Holder.newInvokeSpecial(java.lang.Object, java.lang.Object, int, java.lang.Object, float)'> (0x000000009276c088) 
thrown [s\open\src\hotspot\share\interpreter\linkResolver.cpp, line 774]
Event: 0.493 Thread 0x00000200a64625f0 Exception <a 'java/lang/NoSuchMethodError'{0x0000000092516798}: 'java.lang.Object java.lang.invoke.Invokers$Holder.invokeExact_MT(java.lang.Object, java.lang.Object, java.lang.Object, java.lang.Object, java.lang.Object, java.lang.Object)'> (0x0000000092516798) 
thrown [s\open\src\hotspot\share\interpreter\linkResolver.cpp, line 774]
Event: 0.519 Thread 0x00000200a64625f0 Exception <a 'java/lang/NoSuchMethodError'{0x00000000925ab2b0}: 'int java.lang.invoke.Invokers$Holder.invokeExact_MT(java.lang.Object, java.lang.Object)'> (0x00000000925ab2b0) 
thrown [s\open\src\hotspot\share\interpreter\linkResolver.cpp, line 774]
Event: 0.531 Thread 0x00000200a64625f0 Exception <a 'sun/nio/fs/WindowsException'{0x00000000925d1958}> (0x00000000925d1958) 
thrown [s\open\src\hotspot\share\prims\jni.cpp, line 517]
Event: 0.598 Thread 0x00000200a64625f0 Exception <a 'java/lang/NoSuchMethodError'{0x00000000924c4428}: 'java.lang.Object java.lang.invoke.DirectMethodHandle$Holder.invokeVirtual(java.lang.Object, java.lang.Object, java.lang.Object, java.lang.Object)'> (0x00000000924c4428) 
thrown [s\open\src\hotspot\share\interpreter\linkResolver.cpp, line 774]
Event: 0.618 Thread 0x00000200a4f41590 Exception <a 'java/lang/NoSuchMethodError'{0x00000000929fb678}: 'void java.lang.invoke.DirectMethodHandle$Holder.invokeVirtual(java.lang.Object, java.lang.Object)'> (0x00000000929fb678) 
thrown [s\open\src\hotspot\share\interpreter\linkResolver.cpp, line 774]
Event: 0.636 Thread 0x00000200a64625f0 Exception <a 'java/lang/NoSuchMethodError'{0x0000000092311308}: 'void java.lang.invoke.DirectMethodHandle$Holder.invokeStaticInit(java.lang.Object)'> (0x0000000092311308) 
thrown [s\open\src\hotspot\share\interpreter\linkResolver.cpp, line 774]
Event: 0.841 Thread 0x00000200a64625f0 Exception <a 'java/lang/NoSuchMethodError'{0x0000000091f14470}: 'int java.lang.invoke.DirectMethodHandle$Holder.invokeSpecial(java.lang.Object, java.lang.Object, java.lang.Object)'> (0x0000000091f14470) 
thrown [s\open\src\hotspot\share\interpreter\linkResolver.cpp, line 774]
Event: 0.842 Thread 0x00000200a64625f0 Exception <a 'java/lang/NoSuchMethodError'{0x0000000091f1f398}: 'void java.lang.invoke.DelegatingMethodHandle$Holder.reinvoke_L(java.lang.Object, java.lang.Object, int)'> (0x0000000091f1f398) 
thrown [s\open\src\hotspot\share\interpreter\linkResolver.cpp, line 774]
Event: 0.843 Thread 0x00000200a64625f0 Exception <a 'java/lang/NoSuchMethodError'{0x0000000091f261c0}: 'int java.lang.invoke.Invokers$Holder.invokeExact_MT(java.lang.Object, java.lang.Object, java.lang.Object)'> (0x0000000091f261c0) 
thrown [s\open\src\hotspot\share\interpreter\linkResolver.cpp, line 774]
Event: 0.973 Thread 0x00000200a64625f0 Exception <a 'java/lang/NoSuchMethodError'{0x0000000091d97290}: 'java.lang.Object java.lang.invoke.DirectMethodHandle$Holder.newInvokeSpecial(java.lang.Object, int, java.lang.Object)'> (0x0000000091d97290) 
thrown [s\open\src\hotspot\share\interpreter\linkResolver.cpp, line 774]
Event: 1.150 Thread 0x00000200a64625f0 Exception <a 'java/lang/NoSuchMethodError'{0x0000000091b59230}: 'java.lang.Object java.lang.invoke.DirectMethodHandle$Holder.invokeStaticInit(java.lang.Object, int, int, int, int)'> (0x0000000091b59230) 
thrown [s\open\src\hotspot\share\interpreter\linkResolver.cpp, line 774]
Event: 1.214 Thread 0x00000200a64625f0 Exception <a 'java/lang/NoSuchMethodError'{0x0000000091a2fe38}: 'java.lang.Object java.lang.invoke.DirectMethodHandle$Holder.invokeStaticInit(java.lang.Object, java.lang.Object, int, int, int, int)'> (0x0000000091a2fe38) 
thrown [s\open\src\hotspot\share\interpreter\linkResolver.cpp, line 774]
Event: 1.836 Thread 0x00000200a64625f0 Exception <a 'java/lang/NoSuchMethodError'{0x000000009180e338}: 'void java.lang.invoke.DirectMethodHandle$Holder.invokeSpecial(java.lang.Object, java.lang.Object, java.lang.Object, int, int, int, int, double)'> (0x000000009180e338) 
thrown [s\open\src\hotspot\share\interpreter\linkResolver.cpp, line 774]
Event: 2.081 Thread 0x00000200a64625f0 Exception <a 'java/lang/NoSuchMethodError'{0x0000000092ca98b0}: 'void java.lang.invoke.Invokers$Holder.invokeExact_MT(java.lang.Object, java.lang.Object, java.lang.Object)'> (0x0000000092ca98b0) 
thrown [s\open\src\hotspot\share\interpreter\linkResolver.cpp, line 774]
Event: 2.122 Thread 0x00000200a64625f0 Exception <a 'java/lang/NoSuchMethodError'{0x0000000092b79bb8}: 'float java.lang.invoke.DirectMethodHandle$Holder.invokeInterface(java.lang.Object, java.lang.Object)'> (0x0000000092b79bb8) 
thrown [s\open\src\hotspot\share\interpreter\linkResolver.cpp, line 774]
Event: 2.123 Thread 0x00000200a64625f0 Exception <a 'java/lang/IncompatibleClassChangeError'{0x0000000092b7d718}: Found class java.lang.Object, but interface was expected> (0x0000000092b7d718) 
thrown [s\open\src\hotspot\share\interpreter\linkResolver.cpp, line 841]

VM Operations (20 events):
Event: 0.857 Executing VM operation: HandshakeAllThreads
Event: 0.857 Executing VM operation: HandshakeAllThreads done
Event: 0.862 Executing VM operation: HandshakeAllThreads
Event: 0.862 Executing VM operation: HandshakeAllThreads done
Event: 0.862 Executing VM operation: HandshakeAllThreads
Event: 0.862 Executing VM operation: HandshakeAllThreads done
Event: 0.930 Executing VM operation: HandshakeAllThreads
Event: 0.930 Executing VM operation: HandshakeAllThreads done
Event: 1.136 Executing VM operation: HandshakeAllThreads
Event: 1.136 Executing VM operation: HandshakeAllThreads done
Event: 1.166 Executing VM operation: HandshakeAllThreads
Event: 1.166 Executing VM operation: HandshakeAllThreads done
Event: 1.265 Executing VM operation: ICBufferFull
Event: 1.265 Executing VM operation: ICBufferFull done
Event: 1.938 Executing VM operation: HandshakeAllThreads
Event: 1.938 Executing VM operation: HandshakeAllThreads done
Event: 2.018 Executing VM operation: G1CollectForAllocation
Event: 2.025 Executing VM operation: G1CollectForAllocation done
Event: 2.026 Executing VM operation: HandshakeAllThreads
Event: 2.026 Executing VM operation: HandshakeAllThreads done

Events (20 events):
Event: 0.034 Thread 0x00000200a08b8ee0 Thread added: 0x00000200a08b8ee0
Event: 0.034 Thread 0x00000200a08b99d0 Thread added: 0x00000200a08b99d0
Event: 0.034 Thread 0x00000200a08c9900 Thread added: 0x00000200a08c9900
Event: 0.034 Thread 0x00000200a08ccea0 Thread added: 0x00000200a08ccea0
Event: 0.034 Thread 0x00000200a08cf430 Thread added: 0x00000200a08cf430
Event: 0.055 Thread 0x00000200a08872a0 Thread added: 0x00000200a08872a0
Event: 0.082 Thread 0x00000200a4cee9e0 Thread added: 0x00000200a4cee9e0
Event: 0.087 Thread 0x00000200a4d596d0 Thread added: 0x00000200a4d596d0
Event: 0.187 Thread 0x00000200a4ebe010 Thread added: 0x00000200a4ebe010
Event: 0.188 Thread 0x00000200a4f3d040 Thread added: 0x00000200a4f3d040
Event: 0.189 Thread 0x00000200a4f41590 Thread added: 0x00000200a4f41590
Event: 0.360 Thread 0x00000200a64625f0 Thread added: 0x00000200a64625f0
Event: 0.361 Thread 0x00000200826ab2a0 Thread exited: 0x00000200826ab2a0
Event: 0.361 Thread 0x00000200826ab2a0 Thread added: 0x00000200826ab2a0
Event: 0.483 Thread 0x00000200a4d596d0 Thread exited: 0x00000200a4d596d0
Event: 0.658 Thread 0x00000200ab15a2e0 Thread added: 0x00000200ab15a2e0
Event: 0.693 Thread 0x00000200ab1803a0 Thread added: 0x00000200ab1803a0
Event: 1.086 Thread 0x00000200ab1cad10 Thread added: 0x00000200ab1cad10
Event: 1.582 Thread 0x00000200ab1803a0 Thread exited: 0x00000200ab1803a0
Event: 2.099 Thread 0x00000200aadee020 Thread added: 0x00000200aadee020


Dynamic libraries:
0x00007ff74e040000 - 0x00007ff74e050000 	C:\Program Files\Java\jdk-19\bin\java.exe
0x00007fff00bf0000 - 0x00007fff00e08000 	C:\Windows\SYSTEM32\ntdll.dll
0x00007ffeffe60000 - 0x00007ffefff24000 	C:\Windows\System32\KERNEL32.DLL
0x00007ffefe010000 - 0x00007ffefe3e3000 	C:\Windows\System32\KERNELBASE.dll
0x00007ffefdec0000 - 0x00007ffefdfd1000 	C:\Windows\System32\ucrtbase.dll
0x00007ffee2460000 - 0x00007ffee2478000 	C:\Program Files\Java\jdk-19\bin\jli.dll
0x00007ffedb320000 - 0x00007ffedb33b000 	C:\Program Files\Java\jdk-19\bin\VCRUNTIME140.dll
0x00007ffeffc90000 - 0x00007ffeffd41000 	C:\Windows\System32\ADVAPI32.dll
0x00007ffefe910000 - 0x00007ffefe9b7000 	C:\Windows\System32\msvcrt.dll
0x00007ffeffdb0000 - 0x00007ffeffe58000 	C:\Windows\System32\sechost.dll
0x00007ffefe510000 - 0x00007ffefe538000 	C:\Windows\System32\bcrypt.dll
0x00007ffefe9c0000 - 0x00007ffefead8000 	C:\Windows\System32\RPCRT4.dll
0x00007ffeff9c0000 - 0x00007ffeffb72000 	C:\Windows\System32\USER32.dll
0x00007ffefdfe0000 - 0x00007ffefe006000 	C:\Windows\System32\win32u.dll
0x00007ffeee480000 - 0x00007ffeee71c000 	C:\Windows\WinSxS\amd64_microsoft.windows.common-controls_6595b64144ccf1df_6.0.22621.6060_none_2712eda17382d24b\COMCTL32.dll
0x00007ffeff990000 - 0x00007ffeff9b9000 	C:\Windows\System32\GDI32.dll
0x00007ffefe3f0000 - 0x00007ffefe50b000 	C:\Windows\System32\gdi32full.dll
0x00007ffefe7f0000 - 0x00007ffefe88a000 	C:\Windows\System32\msvcp_win.dll
0x00007ffef4e10000 - 0x00007ffef4e1a000 	C:\Windows\SYSTEM32\VERSION.dll
0x00007ffefecd0000 - 0x00007ffefed01000 	C:\Windows\System32\IMM32.DLL
0x00007ffeee000000 - 0x00007ffeee00c000 	C:\Program Files\Java\jdk-19\bin\vcruntime140_1.dll
0x00007ffec9fb0000 - 0x00007ffeca03e000 	C:\Program Files\Java\jdk-19\bin\msvcp140.dll
0x00007ffe58320000 - 0x00007ffe58fe0000 	C:\Program Files\Java\jdk-19\bin\server\jvm.dll
0x00007ffefa530000 - 0x00007ffefa564000 	C:\Windows\SYSTEM32\WINMM.dll
0x00007ffedb340000 - 0x00007ffedb349000 	C:\Windows\SYSTEM32\WSOCK32.dll
0x00007ffeff0d0000 - 0x00007ffeff141000 	C:\Windows\System32\WS2_32.dll
0x00007ffefcce0000 - 0x00007ffefccf8000 	C:\Windows\SYSTEM32\kernel.appcore.dll
0x00007ffedb310000 - 0x00007ffedb31a000 	C:\Program Files\Java\jdk-19\bin\jimage.dll
0x00007ffef8f90000 - 0x00007ffef91c3000 	C:\Windows\SYSTEM32\DBGHELP.DLL
0x00007ffeff150000 - 0x00007ffeff4e1000 	C:\Windows\System32\combase.dll
0x00007ffefeae0000 - 0x00007ffefebb8000 	C:\Windows\System32\OLEAUT32.dll
0x00007ffee4620000 - 0x00007ffee4652000 	C:\Windows\SYSTEM32\dbgcore.DLL
0x00007ffefde40000 - 0x00007ffefdebb000 	C:\Windows\System32\bcryptPrimitives.dll
0x00007ffed6730000 - 0x00007ffed6756000 	C:\Program Files\Java\jdk-19\bin\java.dll
0x00007ffeca530000 - 0x00007ffeca607000 	C:\Program Files\Java\jdk-19\bin\jsvml.dll
0x00007ffefff30000 - 0x00007fff007cc000 	C:\Windows\System32\SHELL32.dll
0x00007ffefdd00000 - 0x00007ffefde3f000 	C:\Windows\System32\wintypes.dll
0x00007ffefbc00000 - 0x00007ffefc51a000 	C:\Windows\SYSTEM32\windows.storage.dll
0x00007ffeffb80000 - 0x00007ffeffc84000 	C:\Windows\System32\SHCORE.dll
0x00007ffefe890000 - 0x00007ffefe8f9000 	C:\Windows\System32\shlwapi.dll
0x00007ffefdc30000 - 0x00007ffefdc55000 	C:\Windows\SYSTEM32\profapi.dll
0x00007ffed9fb0000 - 0x00007ffed9fc3000 	C:\Program Files\Java\jdk-19\bin\net.dll
0x00007ffef9330000 - 0x00007ffef945c000 	C:\Windows\SYSTEM32\WINHTTP.dll
0x00007ffefd230000 - 0x00007ffefd299000 	C:\Windows\system32\mswsock.dll
0x00007ffed6710000 - 0x00007ffed6726000 	C:\Program Files\Java\jdk-19\bin\nio.dll
0x00007ffed66f0000 - 0x00007ffed6708000 	C:\Program Files\Java\jdk-19\bin\zip.dll
0x00007ffe5bd30000 - 0x00007ffe5bec1000 	C:\Program Files\Java\jdk-19\bin\awt.dll
0x00007ffef7d60000 - 0x00007ffef7df7000 	C:\Windows\SYSTEM32\apphelp.dll
0x00007ffefb2a0000 - 0x00007ffefb353000 	C:\Windows\system32\uxtheme.dll
0x00007ffefef40000 - 0x00007ffeff0a0000 	C:\Windows\System32\MSCTF.dll
0x00007ffefed90000 - 0x00007ffefef31000 	C:\Windows\System32\ole32.dll
0x00007ffefb560000 - 0x00007ffefb58b000 	C:\Windows\system32\DWMAPI.DLL
0x00007ffe5bca0000 - 0x00007ffe5bd26000 	C:\Program Files\Java\jdk-19\bin\freetype.dll
0x00007ffe5bbd0000 - 0x00007ffe5bc96000 	C:\Program Files\Java\jdk-19\bin\fontmanager.dll
0x00007ffe69ce0000 - 0x00007ffe69de0000 	C:\Windows\system32\opengl32.dll
0x00007ffec0980000 - 0x00007ffec09ad000 	C:\Windows\SYSTEM32\GLU32.dll
0x00007ffefb3f0000 - 0x00007ffefb427000 	C:\Windows\SYSTEM32\dxcore.dll
0x00007ffeb85c0000 - 0x00007ffeb8768000 	C:\Windows\system32\d3d9.dll
0x00007ffef3fb0000 - 0x00007ffef416b000 	C:\Windows\System32\DriverStore\FileRepository\u0385419.inf_amd64_47359cff9fbb81e0\B385286\aticfx64.dll
0x00007ffeb0c00000 - 0x00007ffeb29cf000 	C:\Windows\System32\DriverStore\FileRepository\u0385419.inf_amd64_47359cff9fbb81e0\B385286\amdxn64.dll
0x00007ffeff510000 - 0x00007ffeff984000 	C:\Windows\System32\SETUPAPI.dll
0x00007ffefb430000 - 0x00007ffefb527000 	C:\Windows\SYSTEM32\dxgi.dll
0x00007ffef02b0000 - 0x00007ffef02e5000 	C:\Windows\SYSTEM32\amdihk64.dll
0x00007ffef5f90000 - 0x00007ffef5fd9000 	C:\Windows\SYSTEM32\directxdatabasehelper.dll
0x00007ffeec310000 - 0x00007ffeec31a000 	C:\Users\ASUS\AppData\Local\Temp\flatlaf.temp\flatlaf-windows-x86_64-520105749641000.dll
0x00007ffecb840000 - 0x00007ffecb847000 	C:\Program Files\Java\jdk-19\bin\jawt.dll
0x00007fff008b0000 - 0x00007fff00960000 	C:\Windows\System32\clbcatq.dll
0x00007ffefb0e0000 - 0x00007ffefb292000 	C:\Windows\SYSTEM32\WindowsCodecs.dll
0x00007ffed36b0000 - 0x00007ffed370e000 	C:\Windows\system32\dataexchange.dll
0x00007ffef4820000 - 0x00007ffef4ac6000 	C:\Windows\system32\twinapi.appcore.dll
0x00007ffefd480000 - 0x00007ffefd49b000 	C:\Windows\SYSTEM32\CRYPTSP.dll
0x00007ffefcc40000 - 0x00007ffefcc77000 	C:\Windows\system32\rsaenh.dll
0x00007ffefd320000 - 0x00007ffefd348000 	C:\Windows\SYSTEM32\USERENV.dll
0x00007ffefd4a0000 - 0x00007ffefd4ac000 	C:\Windows\SYSTEM32\CRYPTBASE.dll
0x00007ffefc780000 - 0x00007ffefc7ad000 	C:\Windows\SYSTEM32\IPHLPAPI.DLL
0x00007ffeff500000 - 0x00007ffeff509000 	C:\Windows\System32\NSI.dll
0x00007ffef8f70000 - 0x00007ffef8f89000 	C:\Windows\SYSTEM32\dhcpcsvc6.DLL
0x00007ffef8ea0000 - 0x00007ffef8ebf000 	C:\Windows\SYSTEM32\dhcpcsvc.DLL
0x00007ffefc7b0000 - 0x00007ffefc8a8000 	C:\Windows\SYSTEM32\DNSAPI.dll
0x00007ffeee960000 - 0x00007ffeeeaa5000 	C:\Windows\SYSTEM32\textinputframework.dll
0x00007ffed2890000 - 0x00007ffed2cda000 	C:\Windows\SYSTEM32\uiautomationcore.dll
0x00007ffedbb30000 - 0x00007ffedbbaa000 	C:\Windows\SYSTEM32\OLEACC.dll
0x00007ffeeca40000 - 0x00007ffeeca55000 	C:\Windows\System32\threadpoolwinrt.dll

dbghelp: loaded successfully - version: 4.0.5 - missing functions: none
symbol engine: initialized successfully - sym options: 0x614 - pdb path: .;C:\Program Files\Java\jdk-19\bin;C:\Windows\SYSTEM32;C:\Windows\WinSxS\amd64_microsoft.windows.common-controls_6595b64144ccf1df_6.0.22621.6060_none_2712eda17382d24b;C:\Program Files\Java\jdk-19\bin\server;C:\Windows\System32\DriverStore\FileRepository\u0385419.inf_amd64_47359cff9fbb81e0\B385286;C:\Users\ASUS\AppData\Local\Temp\flatlaf.temp

VM Arguments:
jvm_args: -Dfile.encoding=UTF-8 --module-path=F:\05 Project\04 Experiment\toko\build\classes 
java_command: view.main.MainFrame
java_class_path (initial): F:\09 Personal\Java Setup\Jar Library\mysql-connector-j-8.0.31.jar;F:\09 Personal\Java Setup\Jar Library\flatlaf-3.7.1.jar;F:\09 Personal\Java Setup\Jar Library\flatlaf-extras-3.7.1.jar;F:\09 Personal\Java Setup\Jar Library\jsvg-2.1.0.jar;F:\05 Project\04 Experiment\toko\build\classes
Launcher Type: SUN_STANDARD

[Global flags]
     intx CICompilerCount                          = 4                                         {product} {ergonomic}
     uint ConcGCThreads                            = 2                                         {product} {ergonomic}
     uint G1ConcRefinementThreads                  = 8                                         {product} {ergonomic}
   size_t G1HeapRegionSize                         = 1048576                                   {product} {ergonomic}
    uintx GCDrainStackTargetSize                   = 64                                        {product} {ergonomic}
   size_t InitialHeapSize                          = 123731968                                 {product} {ergonomic}
   size_t MarkStackSize                            = 4194304                                   {product} {ergonomic}
   size_t MaxHeapSize                              = 1954545664                                {product} {ergonomic}
   size_t MaxNewSize                               = 1172307968                                {product} {ergonomic}
   size_t MinHeapDeltaBytes                        = 1048576                                   {product} {ergonomic}
   size_t MinHeapSize                              = 8388608                                   {product} {ergonomic}
    uintx NonNMethodCodeHeapSize                   = 5839372                                {pd product} {ergonomic}
    uintx NonProfiledCodeHeapSize                  = 122909434                              {pd product} {ergonomic}
    uintx ProfiledCodeHeapSize                     = 122909434                              {pd product} {ergonomic}
    uintx ReservedCodeCacheSize                    = 251658240                              {pd product} {ergonomic}
     bool SegmentedCodeCache                       = true                                      {product} {ergonomic}
   size_t SoftMaxHeapSize                          = 1954545664                             {manageable} {ergonomic}
     bool UseCompressedClassPointers               = true                           {product lp64_product} {ergonomic}
     bool UseCompressedOops                        = true                           {product lp64_product} {ergonomic}
     bool UseG1GC                                  = true                                      {product} {ergonomic}
     bool UseLargePagesIndividualAllocation        = false                                  {pd product} {ergonomic}

Logging:
Log output configuration:
 #0: stdout all=warning uptime,level,tags foldmultilines=false
 #1: stderr all=off uptime,level,tags foldmultilines=false

Environment Variables:
JAVA_HOME=C:\Program Files\Java\jdk-19
PATH=C:\Program Files\nodejs\;C:\Program Files\Common Files\Oracle\Java\javapath;F:\Program\CPP\mingw64\bin;C:\src\flutter\bin;C:\Program Files (x86)\Common Files\Intel\Shared Files\cpp\bin\Intel64;C:\Windows\system32;C:\Windows;C:\Windows\System32\Wbem;C:\Windows\System32\WindowsPowerShell\v1.0\;C:\Windows\System32\OpenSSH\;F:\Git\cmd;C:\Android\cmdline-tools\bin;C:\Program Files\Java\jdk-19\bin;C:\ProgramData\chocolatey\bin;C:\Users\ASUS\.local\bin;C:\Users\ASUS\AppData\Local\Microsoft\WindowsApps;C:\Users\ASUS\AppData\Local\Programs\Microsoft VS Code\bin;C:\Users\ASUS\AppData\Local\GitHubDesktop\bin;C:\Users\ASUS\AppData\Local\PowerToys\DSCModules\;C:\Users\ASUS\AppData\Roaming\npm;C:\Users\ASUS\AppData\Local\Microsoft\WinGet\Links
USERNAME=ASUS
OS=Windows_NT
PROCESSOR_IDENTIFIER=AMD64 Family 23 Model 160 Stepping 0, AuthenticAMD
TMP=C:\Users\ASUS\AppData\Local\Temp
TEMP=C:\Users\ASUS\AppData\Local\Temp



---------------  S Y S T E M  ---------------

OS:
 Windows 11 , 64 bit Build 22621 (10.0.22621.5415)
OS uptime: 0 days 14:26 hours

CPU: total 8 (initial active 8) (8 cores per cpu, 2 threads per core) family 23 model 160 stepping 0 microcode 0x0, cx8, cmov, fxsr, ht, mmx, 3dnowpref, sse, sse2, sse3, ssse3, sse4a, sse4.1, sse4.2, popcnt, lzcnt, tsc, tscinvbit, avx, avx2, aes, clmul, bmi1, bmi2, adx, sha, fma, vzeroupper, clflush, clflushopt, rdtscp, rdpid

Memory: 4k page, system-wide physical 7455M (496M free)
TotalPageFile size 21462M (AvailPageFile size 26M)
current process WorkingSet (physical memory assigned to process): 152M, peak: 152M
current process commit charge ("private bytes"): 260M, peak: 294M

vm_info: Java HotSpot(TM) 64-Bit Server VM (19.0.2+7-44) for windows-amd64 JRE (19.0.2+7-44), built on 2022-11-30T18:02:09Z by "mach5one" with MS VC++ 17.1 (VS2022)

END.
